<?xml version="1.0" encoding="UTF-8"?>
<!-- Generated by org.testng.reporters.JUnitReportReporter -->
<testsuite hostname="DESKTOP-G2BE6GC" name="demo.Logout" tests="1" failures="0" timestamp="3 Aug 2020 09:20:26 GMT" time="0.002" errors="0">
  <testcase name="Logout1" time="0.002" classname="demo.Logout"/>
</testsuite> <!-- demo.Logout -->
