<?xml version="1.0" encoding="UTF-8"?>
<!-- Generated by org.testng.reporters.JUnitReportReporter -->
<testsuite hostname="DESKTOP-G2BE6GC" name="demo.addmethod" tests="1" failures="0" timestamp="30 Jul 2020 13:21:21 GMT" time="0.019" errors="0">
  <testcase name="login" time="0.019" classname="demo.addmethod"/>
</testsuite> <!-- demo.addmethod -->
