<?xml version="1.0" encoding="UTF-8"?>
<!-- Generated by org.testng.reporters.JUnitReportReporter -->
<testsuite hostname="DESKTOP-G2BE6GC" name="demo.Logintoacti" tests="1" failures="0" timestamp="5 Aug 2020 08:22:17 GMT" time="33.213" errors="0">
  <testcase name="login" time="33.213" classname="demo.Logintoacti"/>
</testsuite> <!-- demo.Logintoacti -->
