<?xml version="1.0" encoding="UTF-8"?>
<!-- Generated by org.testng.reporters.JUnitReportReporter -->
<testsuite hostname="DESKTOP-G2BE6GC" name="demo.ActitimeLogin" tests="3" failures="0" timestamp="4 Aug 2020 08:05:47 GMT" time="0.024" errors="0">
  <testcase name="test2" time="0.003" classname="demo.ActitimeLogin"/>
  <testcase name="test1" time="0.020" classname="demo.ActitimeLogin"/>
  <testcase name="test1" time="0.001" classname="demo.ActitimeLogin"/>
</testsuite> <!-- demo.ActitimeLogin -->
